e:\临时文件夹\iocp\iocp\debug\vc120.pdb
e:\临时文件夹\iocp\iocp\debug\vc120.idb
e:\临时文件夹\iocp\iocp\debug\bitheap.obj
e:\临时文件夹\iocp\iocp\debug\channel.obj
e:\临时文件夹\iocp\iocp\debug\fileio.obj
e:\临时文件夹\iocp\iocp\debug\iocpbase.obj
e:\临时文件夹\iocp\iocp\debug\iocpdef.obj
e:\临时文件夹\iocp\iocp\debug\privatetimer.obj
e:\临时文件夹\iocp\iocp\debug\rbtree.obj
e:\临时文件夹\iocp\iocp\debug\socketbuffer.obj
e:\临时文件夹\iocp\iocp\debug\tcpsocket.obj
e:\临时文件夹\iocp\debug\iocp.ilk
e:\临时文件夹\iocp\debug\iocp.exe
e:\临时文件夹\iocp\debug\iocp.pdb
e:\临时文件夹\iocp\iocp\debug\iocp.tlog\cl.command.1.tlog
e:\临时文件夹\iocp\iocp\debug\iocp.tlog\cl.read.1.tlog
e:\临时文件夹\iocp\iocp\debug\iocp.tlog\cl.write.1.tlog
e:\临时文件夹\iocp\iocp\debug\iocp.tlog\link.command.1.tlog
e:\临时文件夹\iocp\iocp\debug\iocp.tlog\link.read.1.tlog
e:\临时文件夹\iocp\iocp\debug\iocp.tlog\link.write.1.tlog
